<?xml version="1.0" encoding="UTF-8"?>
<testsuite xmlns:xsi="http://www.w3.org/2001/XMLSchema-instance" xsi:noNamespaceSchemaLocation="https://maven.apache.org/surefire/maven-surefire-plugin/xsd/surefire-test-report.xsd" version="3.0.2" name="com.leitor.SensorWorkerTest" time="1.664" tests="10" errors="0" skipped="0" failures="0">
  <properties>
[...]
</properties>
  <testcase name="deveProcessarDadosValidosDeTemperaturaEUmidade" classname="com.leitor.SensorWorkerTest" time="0.071">
    <system-out><![CDATA[2025-01-20 05:29:30 [main] INFO  com.leitor.SensorWorker - Dados recebidos na porta serial: TEMP:22.5
UMID:55.3

Dados recebidos na porta serial: TEMP:22.5
UMID:55.3

2025-01-20 05:29:30 [main] INFO  com.leitor.SensorWorker - Publicado no tópico [sensores/temperatura]: 22.5
Publicado no tópico [sensores/temperatura]: 22.5
2025-01-20 05:29:30 [main] INFO  com.leitor.SensorWorker - Publicado no tópico [sensores/umidade]: 55.3
Publicado no tópico [sensores/umidade]: 55.3
]]></system-out>
  </testcase>
  <testcase name="deveRegistrarAvisoParaDadosInvalidos" classname="com.leitor.SensorWorkerTest" time="0.005">
    <system-out><![CDATA[2025-01-20 05:29:30 [main] INFO  com.leitor.SensorWorker - Porta serial [null] aberta com sucesso.
2025-01-20 05:29:30 [main] INFO  com.leitor.SensorWorker - Dados recebidos na porta serial: INVALID_DATA
2025-01-20 05:29:30 [main] WARN  com.leitor.SensorWorker - Dados desconhecidos recebidos: INVALID_DATA
]]></system-out>
  </testcase>
  <testcase name="devePublicarNoMQTTAposReconexao" classname="com.leitor.SensorWorkerTest" time="0.004">
    <system-out><![CDATA[2025-01-20 05:29:30 [main] WARN  com.leitor.SensorWorker - Cliente MQTT desconectado; tentando reconexão...
Cliente MQTT desconectado; tentando reconexão...
2025-01-20 05:29:30 [main] INFO  com.leitor.SensorWorker - Publicado no tópico [sensores/temperatura]: 25.5
Publicado no tópico [sensores/temperatura]: 25.5
]]></system-out>
  </testcase>
  <testcase name="deveRegistrarAvisoParaDadosDesconhecidos" classname="com.leitor.SensorWorkerTest" time="0.003">
    <system-out><![CDATA[2025-01-20 05:29:30 [main] INFO  com.leitor.SensorWorker - Dados recebidos na porta serial: UNKNOWN:123
Dados recebidos na porta serial: UNKNOWN:123
2025-01-20 05:29:30 [main] WARN  com.leitor.SensorWorker - Dados desconhecidos recebidos: UNKNOWN:123
Dados desconhecidos recebidos: UNKNOWN:123
]]></system-out>
  </testcase>
  <testcase name="deveRegistrarErroQuandoListenerFalha" classname="com.leitor.SensorWorkerTest" time="0.06"/>
  <testcase name="deveRegistrarAvisoAoFecharPortaSerial" classname="com.leitor.SensorWorkerTest" time="0.003">
    <system-out><![CDATA[2025-01-20 05:29:30 [main] INFO  com.leitor.SensorWorker - Porta serial [null] fechada.
Porta serial [null] fechada.
2025-01-20 05:29:30 [main] INFO  com.leitor.SensorWorker - Conexão MQTT encerrada.
Conexão MQTT encerrada.
]]></system-out>
  </testcase>
  <testcase name="deveRegistrarErroAoPublicarTimeout" classname="com.leitor.SensorWorkerTest" time="1.007">
    <system-out><![CDATA[2025-01-20 05:29:31 [main] INFO  com.leitor.SensorWorker - Publicado no tópico [sensores/temperatura]: 25.5
Publicado no tópico [sensores/temperatura]: 25.5
]]></system-out>
  </testcase>
  <testcase name="deveRegistrarErroAoAbrirPortaSerial" classname="com.leitor.SensorWorkerTest" time="0.003">
    <system-out><![CDATA[2025-01-20 05:29:31 [main] WARN  com.leitor.SensorWorker - Não foi possível abrir a porta serial [COM99].
]]></system-out>
  </testcase>
  <testcase name="deveTentarRePublicarQuandoPublicacaoMQTTFalhar" classname="com.leitor.SensorWorkerTest" time="0.504">
    <system-out><![CDATA[2025-01-20 05:29:31 [main] INFO  com.leitor.SensorWorker - Publicado no tópico [sensores/temperatura]: 30.0
Publicado no tópico [sensores/temperatura]: 30.0
]]></system-out>
  </testcase>
  <testcase name="devePublicarNoMQTTAposPerdaDeConexao" classname="com.leitor.SensorWorkerTest" time="0.002">
    <system-out><![CDATA[2025-01-20 05:29:32 [main] WARN  com.leitor.SensorWorker - Cliente MQTT desconectado; tentando reconexão...
Cliente MQTT desconectado; tentando reconexão...
2025-01-20 05:29:32 [main] INFO  com.leitor.SensorWorker - Publicado no tópico [sensores/temperatura]: 25.5
Publicado no tópico [sensores/temperatura]: 25.5
]]></system-out>
  </testcase>
</testsuite>